#! /c/Source/iverilog-install/bin/vvp
:ivl_version "12.0 (devel)" "(s20150603-1539-g2693dd32b)";
:ivl_delay_selection "TYPICAL";
:vpi_time_precision + 0;
:vpi_module "D:\Icarus_Verilog\iverilog\lib\ivl\system.vpi";
:vpi_module "D:\Icarus_Verilog\iverilog\lib\ivl\vhdl_sys.vpi";
:vpi_module "D:\Icarus_Verilog\iverilog\lib\ivl\vhdl_textio.vpi";
:vpi_module "D:\Icarus_Verilog\iverilog\lib\ivl\v2005_math.vpi";
:vpi_module "D:\Icarus_Verilog\iverilog\lib\ivl\va_math.vpi";
:vpi_module "D:\Icarus_Verilog\iverilog\lib\ivl\v2009.vpi";
S_000001e221796030 .scope package, "$unit" "$unit" 2 1;
 .timescale 0 0;
S_000001e2217347b0 .scope module, "testbench" "testbench" 3 1;
 .timescale 0 0;
S_000001e221733a50 .scope module, "tb_1" "testbench_1" 3 3, 4 1 0, S_000001e2217347b0;
 .timescale 0 0;
P_000001e2217942d0 .param/l "data_ptr_width" 1 4 5, +C4<00000000000000000000000000000010>;
P_000001e221794308 .param/l "n_inputs" 1 4 4, +C4<00000000000000000000000000000100>;
P_000001e221794340 .param/l "width" 1 4 3, +C4<00000000000000000000000000010000>;
v000001e221818630_0 .var "clk", 0 0;
v000001e221819170_0 .var "current_data", 15 0;
v000001e221819f30_0 .var/queue "data_in_queue", 16;
v000001e221818ef0_0 .var/queue "data_out_queue", 16;
v000001e2218192b0_0 .var "data_ptr", 1 0;
v000001e221818770_0 .var "delays", 14 0;
o000001e2217a1d18 .functor BUFZ 16, C4<zzzzzzzzzzzzzzzz>; HiZ drive
v000001e22181a390_0 .net "down_data", 15 0, o000001e2217a1d18;  0 drivers
o000001e2217a1d48 .functor BUFZ 1, C4<z>; HiZ drive
v000001e221819030_0 .net "down_vld", 0 0, o000001e2217a1d48;  0 drivers
v000001e221819d50_0 .var "is_test_fail", 0 0;
v000001e221819990_0 .var "res", 15 0;
v000001e221818810_0 .var "res_expected", 15 0;
v000001e221819a30_0 .var "ring_one", 3 0;
v000001e22181a110_0 .var "rst", 0 0;
v000001e2218197b0_0 .var "running", 0 0;
v000001e22181a2f0_0 .net "up_data", 63 0, L_000001e22181f370;  1 drivers
v000001e22181a1b0_0 .net "up_vlds", 3 0, L_000001e22181e790;  1 drivers
E_000001e221798a10 .event anyedge, v000001e2218197b0_0;
E_000001e221798ad0 .event anyedge, v000001e2218197b0_0, v000001e2218192b0_0;
E_000001e221798b10 .event "finish";
E_000001e2217992d0 .event "all_combination_done";
L_000001e221818c70 .part v000001e221819a30_0, 0, 1;
L_000001e221818d10 .part v000001e221818770_0, 0, 2;
L_000001e22181e0b0 .part v000001e221819a30_0, 1, 1;
L_000001e22181f230 .part v000001e221818770_0, 3, 2;
L_000001e22181e6f0 .part v000001e221819a30_0, 2, 1;
L_000001e22181ef10 .part v000001e221818770_0, 6, 2;
L_000001e22181f2d0 .part v000001e221819a30_0, 3, 1;
L_000001e22181d9d0 .part v000001e221818770_0, 9, 2;
L_000001e22181e790 .concat8 [ 1 1 1 1], v000001e221786160_0, v000001e221786840_0, v000001e22177e9c0_0, v000001e22177ed80_0;
L_000001e22181f370 .concat8 [ 16 16 16 16], v000001e2217860c0_0, v000001e221787420_0, v000001e221787060_0, v000001e22177e4c0_0;
S_000001e2217576f0 .scope begin, "$ivl_for_loop0" "$ivl_for_loop0" 4 109, 4 109 0, S_000001e221733a50;
 .timescale 0 0;
v000001e221786a20_0 .var/2s "i", 31 0;
S_000001e2217eed40 .scope begin, "$ivl_for_loop1" "$ivl_for_loop1" 4 215, 4 215 0, S_000001e221733a50;
 .timescale 0 0;
v000001e221787d80_0 .var/2s "l", 31 0;
S_000001e221757880 .scope module, "DUT" "put_in_order" 4 15, 5 1 0, S_000001e221733a50;
 .timescale 0 0;
    .port_info 0 /INPUT 1 "clk";
    .port_info 1 /INPUT 1 "rst";
    .port_info 2 /INPUT 4 "up_vlds";
    .port_info 3 /INPUT 64 "up_data";
    .port_info 4 /OUTPUT 1 "down_vld";
    .port_info 5 /OUTPUT 16 "down_data";
P_000001e221809cf0 .param/l "n_inputs" 0 5 4, +C4<00000000000000000000000000000100>;
P_000001e221809d28 .param/l "width" 0 5 3, +C4<00000000000000000000000000010000>;
v000001e221786ac0_0 .net "clk", 0 0, v000001e221818630_0;  1 drivers
v000001e221785f80_0 .net "down_data", 15 0, o000001e2217a1d18;  alias, 0 drivers
v000001e221786c00_0 .net "down_vld", 0 0, o000001e2217a1d48;  alias, 0 drivers
v000001e221786e80_0 .net "rst", 0 0, v000001e22181a110_0;  1 drivers
v000001e2217876a0_0 .net "up_data", 63 0, L_000001e22181f370;  alias, 1 drivers
v000001e221787c40_0 .net "up_vlds", 3 0, L_000001e22181e790;  alias, 1 drivers
S_000001e22173beb0 .scope generate, "input_generator[0]" "input_generator[0]" 4 129, 4 129 0, S_000001e221733a50;
 .timescale 0 0;
P_000001e2217993d0 .param/l "i" 0 4 129, +C4<00>;
S_000001e22173c040 .scope module, "r_delay" "delay_data_model" 4 131, 6 10 0, S_000001e22173beb0;
 .timescale 0 0;
    .port_info 0 /INPUT 1 "clk";
    .port_info 1 /INPUT 1 "rst";
    .port_info 2 /INPUT 1 "vld_in";
    .port_info 3 /INPUT 2 "out_delay";
    .port_info 4 /INPUT 16 "data_in";
    .port_info 5 /OUTPUT 1 "vld_out";
    .port_info 6 /OUTPUT 16 "data_out";
P_000001e221792fe0 .param/l "delay_width" 1 6 27, +C4<00000000000000000000000000000010>;
P_000001e221793018 .param/l "n_inputs" 0 6 13, +C4<00000000000000000000000000000100>;
P_000001e221793050 .param/l "width" 0 6 12, +C4<00000000000000000000000000010000>;
v000001e221787740_0 .net *"_ivl_15", 0 0, L_000001e221818bd0;  1 drivers
v000001e2217872e0_0 .net *"_ivl_2", 0 0, L_000001e221819670;  1 drivers
v000001e221785ee0_0 .net "clk", 0 0, v000001e221818630_0;  alias, 1 drivers
v000001e2217877e0_0 .net "data_in", 15 0, v000001e221819170_0;  1 drivers
v000001e221786020_0 .var "data_lock", 15 0;
v000001e2217860c0_0 .var "data_out", 15 0;
v000001e221787880_0 .var "delay", 1 0;
v000001e2217879c0_0 .net "out_delay", 1 0, L_000001e221818d10;  1 drivers
v000001e221787380_0 .var "ready", 0 0;
v000001e221786ca0_0 .net "rst", 0 0, v000001e22181a110_0;  alias, 1 drivers
v000001e2217865c0_0 .net "vld_in", 0 0, L_000001e221818c70;  1 drivers
v000001e221786160_0 .var "vld_out", 0 0;
E_000001e221798d50 .event posedge, v000001e221786ac0_0;
E_000001e221798a50 .event anyedge, L_000001e221818bd0;
E_000001e221799610 .event anyedge, L_000001e221819670;
E_000001e221799210 .event "delay_done";
L_000001e221819670 .reduce/nor v000001e22181a110_0;
L_000001e221818bd0 .reduce/nor v000001e22181a110_0;
S_000001e2217368d0 .scope generate, "input_generator[1]" "input_generator[1]" 4 129, 4 129 0, S_000001e221733a50;
 .timescale 0 0;
P_000001e221799050 .param/l "i" 0 4 129, +C4<01>;
S_000001e221736a60 .scope module, "r_delay" "delay_data_model" 4 131, 6 10 0, S_000001e2217368d0;
 .timescale 0 0;
    .port_info 0 /INPUT 1 "clk";
    .port_info 1 /INPUT 1 "rst";
    .port_info 2 /INPUT 1 "vld_in";
    .port_info 3 /INPUT 2 "out_delay";
    .port_info 4 /INPUT 16 "data_in";
    .port_info 5 /OUTPUT 1 "vld_out";
    .port_info 6 /OUTPUT 16 "data_out";
P_000001e22177f860 .param/l "delay_width" 1 6 27, +C4<00000000000000000000000000000010>;
P_000001e22177f898 .param/l "n_inputs" 0 6 13, +C4<00000000000000000000000000000100>;
P_000001e22177f8d0 .param/l "width" 0 6 12, +C4<00000000000000000000000000010000>;
v000001e221787a60_0 .net *"_ivl_15", 0 0, L_000001e22181e970;  1 drivers
v000001e2217862a0_0 .net *"_ivl_2", 0 0, L_000001e221818e50;  1 drivers
v000001e221786340_0 .net "clk", 0 0, v000001e221818630_0;  alias, 1 drivers
v000001e2217863e0_0 .net "data_in", 15 0, v000001e221819170_0;  alias, 1 drivers
v000001e221786480_0 .var "data_lock", 15 0;
v000001e221787420_0 .var "data_out", 15 0;
v000001e221786520_0 .var "delay", 1 0;
v000001e221786660_0 .net "out_delay", 1 0, L_000001e22181f230;  1 drivers
v000001e221786b60_0 .var "ready", 0 0;
v000001e221786700_0 .net "rst", 0 0, v000001e22181a110_0;  alias, 1 drivers
v000001e2217867a0_0 .net "vld_in", 0 0, L_000001e22181e0b0;  1 drivers
v000001e221786840_0 .var "vld_out", 0 0;
E_000001e221798b90 .event anyedge, L_000001e22181e970;
E_000001e221799690 .event anyedge, L_000001e221818e50;
E_000001e221798cd0 .event "delay_done";
L_000001e221818e50 .reduce/nor v000001e22181a110_0;
L_000001e22181e970 .reduce/nor v000001e22181a110_0;
S_000001e221702d70 .scope generate, "input_generator[2]" "input_generator[2]" 4 129, 4 129 0, S_000001e221733a50;
 .timescale 0 0;
P_000001e221799090 .param/l "i" 0 4 129, +C4<010>;
S_000001e221702f00 .scope module, "r_delay" "delay_data_model" 4 131, 6 10 0, S_000001e221702d70;
 .timescale 0 0;
    .port_info 0 /INPUT 1 "clk";
    .port_info 1 /INPUT 1 "rst";
    .port_info 2 /INPUT 1 "vld_in";
    .port_info 3 /INPUT 2 "out_delay";
    .port_info 4 /INPUT 16 "data_in";
    .port_info 5 /OUTPUT 1 "vld_out";
    .port_info 6 /OUTPUT 16 "data_out";
P_000001e221703320 .param/l "delay_width" 1 6 27, +C4<00000000000000000000000000000010>;
P_000001e221703358 .param/l "n_inputs" 0 6 13, +C4<00000000000000000000000000000100>;
P_000001e221703390 .param/l "width" 0 6 12, +C4<00000000000000000000000000010000>;
v000001e221786fc0_0 .net *"_ivl_15", 0 0, L_000001e22181e150;  1 drivers
v000001e2217868e0_0 .net *"_ivl_2", 0 0, L_000001e22181d7f0;  1 drivers
v000001e221786980_0 .net "clk", 0 0, v000001e221818630_0;  alias, 1 drivers
v000001e221787560_0 .net "data_in", 15 0, v000001e221819170_0;  alias, 1 drivers
v000001e221786d40_0 .var "data_lock", 15 0;
v000001e221787060_0 .var "data_out", 15 0;
v000001e221787100_0 .var "delay", 1 0;
v000001e2217871a0_0 .net "out_delay", 1 0, L_000001e22181ef10;  1 drivers
v000001e2217874c0_0 .var "ready", 0 0;
v000001e22177e1a0_0 .net "rst", 0 0, v000001e22181a110_0;  alias, 1 drivers
v000001e22177e880_0 .net "vld_in", 0 0, L_000001e22181e6f0;  1 drivers
v000001e22177e9c0_0 .var "vld_out", 0 0;
E_000001e221799410 .event anyedge, L_000001e22181e150;
E_000001e221799310 .event anyedge, L_000001e22181d7f0;
E_000001e221798c10 .event "delay_done";
L_000001e22181d7f0 .reduce/nor v000001e22181a110_0;
L_000001e22181e150 .reduce/nor v000001e22181a110_0;
S_000001e221818090 .scope generate, "input_generator[3]" "input_generator[3]" 4 129, 4 129 0, S_000001e221733a50;
 .timescale 0 0;
P_000001e221799290 .param/l "i" 0 4 129, +C4<011>;
S_000001e221818220 .scope module, "r_delay" "delay_data_model" 4 131, 6 10 0, S_000001e221818090;
 .timescale 0 0;
    .port_info 0 /INPUT 1 "clk";
    .port_info 1 /INPUT 1 "rst";
    .port_info 2 /INPUT 1 "vld_in";
    .port_info 3 /INPUT 2 "out_delay";
    .port_info 4 /INPUT 16 "data_in";
    .port_info 5 /OUTPUT 1 "vld_out";
    .port_info 6 /OUTPUT 16 "data_out";
P_000001e221733be0 .param/l "delay_width" 1 6 27, +C4<00000000000000000000000000000010>;
P_000001e221733c18 .param/l "n_inputs" 0 6 13, +C4<00000000000000000000000000000100>;
P_000001e221733c50 .param/l "width" 0 6 12, +C4<00000000000000000000000000010000>;
v000001e22177ea60_0 .net *"_ivl_15", 0 0, L_000001e22181d930;  1 drivers
v000001e22177e240_0 .net *"_ivl_2", 0 0, L_000001e22181e1f0;  1 drivers
v000001e22177e2e0_0 .net "clk", 0 0, v000001e221818630_0;  alias, 1 drivers
v000001e22177e420_0 .net "data_in", 15 0, v000001e221819170_0;  alias, 1 drivers
v000001e22177e380_0 .var "data_lock", 15 0;
v000001e22177e4c0_0 .var "data_out", 15 0;
v000001e22177ee20_0 .var "delay", 1 0;
v000001e22177eb00_0 .net "out_delay", 1 0, L_000001e22181d9d0;  1 drivers
v000001e22177e560_0 .var "ready", 0 0;
v000001e22177e600_0 .net "rst", 0 0, v000001e22181a110_0;  alias, 1 drivers
v000001e22177ece0_0 .net "vld_in", 0 0, L_000001e22181f2d0;  1 drivers
v000001e22177ed80_0 .var "vld_out", 0 0;
E_000001e221798d90 .event anyedge, L_000001e22181d930;
E_000001e221798e10 .event anyedge, L_000001e22181e1f0;
E_000001e221798dd0 .event "delay_done";
L_000001e22181e1f0 .reduce/nor v000001e22181a110_0;
L_000001e22181d930 .reduce/nor v000001e22181a110_0;
S_000001e2218183b0 .scope task, "reset" "reset" 4 39, 4 39 0, S_000001e221733a50;
 .timescale 0 0;
TD_testbench.tb_1.reset ;
    %pushi/vec4 1, 1, 1;
    %assign/vec4 v000001e22181a110_0, 0;
    %pushi/vec4 3, 0, 32;
T_0.0 %dup/vec4;
    %pushi/vec4 0, 0, 32;
    %cmp/s;
    %jmp/1xz T_0.1, 5;
    %jmp/1 T_0.1, 4;
    %pushi/vec4 1, 0, 32;
    %sub;
    %wait E_000001e221798d50;
    %jmp T_0.0;
T_0.1 ;
    %pop/vec4 1;
    %pushi/vec4 1, 0, 1;
    %assign/vec4 v000001e22181a110_0, 0;
    %pushi/vec4 3, 0, 32;
T_0.2 %dup/vec4;
    %pushi/vec4 0, 0, 32;
    %cmp/s;
    %jmp/1xz T_0.3, 5;
    %jmp/1 T_0.3, 4;
    %pushi/vec4 1, 0, 32;
    %sub;
    %wait E_000001e221798d50;
    %jmp T_0.2;
T_0.3 ;
    %pop/vec4 1;
    %pushi/vec4 0, 0, 1;
    %assign/vec4 v000001e22181a110_0, 0;
    %end;
S_000001e22181a550 .scope module, "tb_2" "testbench_2" 3 4, 7 3 0, S_000001e2217347b0;
 .timescale 0 0;
P_000001e22181af00 .param/l "TIMEOUT" 1 7 219, +C4<00000000000000000010011100010000>;
P_000001e22181af38 .param/l "latency_width" 1 7 103, +C4<00000000000000000000000000000100>;
P_000001e22181af70 .param/l "max_latency" 1 7 104, C4<1010>;
P_000001e22181afa8 .param/l "max_ptr" 1 7 101, C4<1001>;
P_000001e22181afe0 .param/l "n_inputs" 1 7 38, +C4<00000000000000000000000000001010>;
P_000001e22181b018 .param/l "ptr_width" 1 7 100, +C4<00000000000000000000000000000100>;
P_000001e22181b050 .param/l "width" 1 7 38, +C4<00000000000000000000000000001000>;
v000001e22181a070_0 .var "clk", 0 0;
v000001e221819350_0 .var/2u "counter", 31 0;
v000001e2218193f0_0 .var/2u "cycle", 31 0;
o000001e2217a2d38 .functor BUFZ 8, C4<zzzzzzzz>; HiZ drive
v000001e221819e90_0 .net "down_data", 7 0, o000001e2217a2d38;  0 drivers
v000001e221819490_0 .var "down_data_expected", 7 0;
o000001e2217a2d68 .functor BUFZ 1, C4<z>; HiZ drive
v000001e22181a250_0 .net "down_vld", 0 0, o000001e2217a2d68;  0 drivers
v000001e221818db0_0 .var "pending", 9 0;
v000001e2218188b0_0 .var "pending_data", 79 0;
v000001e221818f90_0 .var "pending_data_for_log", 79 0;
v000001e221819cb0_0 .var "pending_for_log", 9 0;
v000001e221819df0_0 .var "pending_latency", 39 0;
v000001e221819fd0_0 .var "ptr", 3 0;
v000001e221819850_0 .var/queue "queue", 8;
v000001e2218189f0_0 .var "rst", 0 0;
v000001e221818590_0 .var "up_data", 79 0;
v000001e221818a90_0 .var "up_vlds", 9 0;
v000001e221818b30_0 .var/2u "was_reset", 0 0;
S_000001e22181b220 .scope begin, "$ivl_for_loop5" "$ivl_for_loop5" 7 188, 7 188 0, S_000001e22181a550;
 .timescale 0 0;
v000001e22181a430_0 .var/2s "i", 31 0;
S_000001e22181b540 .scope begin, "$ivl_for_loop6" "$ivl_for_loop6" 7 198, 7 198 0, S_000001e22181a550;
 .timescale 0 0;
v000001e221819ad0_0 .var/2s "i", 31 0;
S_000001e22181abe0 .scope module, "i_put_in_order" "put_in_order" 7 53, 5 1 0, S_000001e22181a550;
 .timescale 0 0;
    .port_info 0 /INPUT 1 "clk";
    .port_info 1 /INPUT 1 "rst";
    .port_info 2 /INPUT 10 "up_vlds";
    .port_info 3 /INPUT 80 "up_data";
    .port_info 4 /OUTPUT 1 "down_vld";
    .port_info 5 /OUTPUT 8 "down_data";
P_000001e221808df0 .param/l "n_inputs" 0 5 4, +C4<00000000000000000000000000001010>;
P_000001e221808e28 .param/l "width" 0 5 3, +C4<00000000000000000000000000001000>;
v000001e2218190d0_0 .net "clk", 0 0, v000001e22181a070_0;  1 drivers
v000001e2218198f0_0 .net "down_data", 7 0, o000001e2217a2d38;  alias, 0 drivers
v000001e221819c10_0 .net "down_vld", 0 0, o000001e2217a2d68;  alias, 0 drivers
v000001e221819210_0 .net "rst", 0 0, v000001e2218189f0_0;  1 drivers
v000001e221819530_0 .net "up_data", 79 0, v000001e221818590_0;  1 drivers
v000001e221819b70_0 .net "up_vlds", 9 0, v000001e221818a90_0;  1 drivers
S_000001e22181b3b0 .scope task, "receive" "receive" 7 60, 7 60 0, S_000001e22181a550;
 .timescale 0 0;
E_000001e221798e50 .event posedge, v000001e2218190d0_0;
TD_testbench.tb_2.receive ;
T_1.4 ;
    %wait E_000001e221798e50;
    %load/vec4 v000001e22181a250_0;
    %flag_set/vec4 8;
    %jmp/0xz  T_1.5, 8;
    %vpi_func 7 68 "$size" 32, v000001e221819850_0 {0 0 0};
    %cmpi/e 0, 0, 32;
    %jmp/0xz  T_1.7, 4;
    %vpi_call/w 7 70 "$display", "FAIL %s", "04_13_put_in_order/testbench_2.sv" {0 0 0};
    %vpi_func 7 73 "$size" 32, v000001e221819850_0 {0 0 0};
    %vpi_func/s 7 73 "$sformatf", "queue.size ():%0d", S<0,vec4,s32> {1 0 0};
    %vpi_call/w 7 72 "$display", "++ TEST     => {%s}", S<0,str> {0 0 1};
    %vpi_call/w 7 75 "$finish", 32'sb00000000000000000000000000000001 {0 0 0};
    %jmp T_1.8;
T_1.7 ;
    %qpop/f/v v000001e221819850_0, 8;
    %store/vec4 v000001e221819490_0, 0, 8;
    %load/vec4 v000001e221819e90_0;
    %load/vec4 v000001e221819490_0;
    %cmp/ne;
    %jmp/0xz  T_1.9, 6;
    %vpi_call/w 7 83 "$display", "FAIL %s", "04_13_put_in_order/testbench_2.sv" {0 0 0};
    %vpi_func/s 7 86 "$sformatf", "down_data:%h", v000001e221819e90_0 {0 0 0};
    %vpi_func/s 7 86 "$sformatf", "down_data_expected:%h", v000001e221819490_0 {0 0 0};
    %vpi_call/w 7 85 "$display", "++ TEST     => {%s, %s}", S<1,str>, S<0,str> {0 0 2};
    %vpi_call/w 7 88 "$finish", 32'sb00000000000000000000000000000001 {0 0 0};
T_1.9 ;
T_1.8 ;
T_1.5 ;
    %jmp T_1.4;
    %end;
S_000001e22181ad70 .scope task, "run" "run" 7 221, 7 221 0, S_000001e22181a550;
 .timescale 0 0;
E_000001e221799250 .event negedge, v000001e221819210_0;
TD_testbench.tb_2.run ;
    %wait E_000001e221799250;
    %fork t_1, S_000001e22181ad70;
    %fork t_2, S_000001e22181ad70;
    %fork t_3, S_000001e22181ad70;
    %join;
    %join/detach 2;
    %jmp t_0;
t_1 ;
    %pushi/vec4 1000, 0, 32;
    %store/vec4 v000001e2218186d0_0, 0, 32;
    %fork TD_testbench.tb_2.send, S_000001e22181a730;
    %join;
    %end;
t_2 ;
    %fork TD_testbench.tb_2.receive, S_000001e22181b3b0;
    %join;
    %end;
t_3 ;
    %pushi/vec4 10000, 0, 32;
T_2.11 %dup/vec4;
    %pushi/vec4 0, 0, 32;
    %cmp/s;
    %jmp/1xz T_2.12, 5;
    %jmp/1 T_2.12, 4;
    %pushi/vec4 1, 0, 32;
    %sub;
    %wait E_000001e221798e50;
    %jmp T_2.11;
T_2.12 ;
    %pop/vec4 1;
    %vpi_call/w 7 238 "$display", "FAIL: timeout!" {0 0 0};
    %vpi_call/w 7 239 "$finish", 32'sb00000000000000000000000000000001 {0 0 0};
    %end;
    .scope S_000001e22181ad70;
t_0 ;
    %vpi_call/w 7 243 "$display", "\012PASS %s", "04_13_put_in_order/testbench_2.sv" {0 0 0};
    %end;
S_000001e22181a730 .scope task, "send" "send" 7 115, 7 115 0, S_000001e22181a550;
 .timescale 0 0;
v000001e2218186d0_0 .var/2s "n_reps", 31 0;
TD_testbench.tb_2.send ;
    %pushi/vec4 0, 0, 4;
    %store/vec4 v000001e221819fd0_0, 0, 4;
    %pushi/vec4 0, 0, 10;
    %store/vec4 v000001e221818db0_0, 0, 10;
    %fork t_5, S_000001e22181b090;
    %jmp t_4;
    .scope S_000001e22181b090;
t_5 ;
    %pushi/vec4 0, 0, 32;
    %store/vec4 v000001e2218195d0_0, 0, 32;
T_3.13 ;
    %load/vec4 v000001e2218195d0_0;
    %load/vec4 v000001e2218186d0_0;
    %cmp/s;
    %jmp/1 T_3.15, 5;
    %flag_mov 8, 5;
    %load/vec4 v000001e221818db0_0;
    %cmpi/ne 0, 0, 10;
    %flag_or 4, 8;
    %flag_mov 5, 4;
T_3.15;
    %jmp/0xz T_3.14, 5;
    %fork t_7, S_000001e22181a8c0;
    %jmp t_6;
    .scope S_000001e22181a8c0;
t_7 ;
    %pushi/vec4 0, 0, 32;
    %store/vec4 v000001e221818950_0, 0, 32;
T_3.16 ;
    %load/vec4 v000001e221818950_0;
    %cmpi/s 10, 0, 32;
    %jmp/0xz T_3.17, 5;
    %load/vec4 v000001e221819df0_0;
    %load/vec4 v000001e221818950_0;
    %pad/s 34;
    %muli 4, 0, 34;
    %part/s 4;
    %pad/u 32;
    %cmpi/u 0, 0, 32;
    %flag_or 5, 4; GT is !LE
    %flag_inv 5;
    %jmp/0xz  T_3.18, 5;
    ; show_stmt_assign_vector: Get l-value for compressed -= operand
    %load/vec4 v000001e221819df0_0;
    %load/vec4 v000001e221818950_0;
    %pad/s 34;
    %muli 4, 0, 34;
    %dup/vec4;
    %ix/vec4 4;
    %flag_mov 8, 4;
    %part/u 4;
    %pushi/vec4 1, 0, 4;
    %sub;
    %flag_mov 4, 8;
    %store/vec4 v000001e221819df0_0, 4, 4;
T_3.18 ;
    ; show_stmt_assign_vector: Get l-value for compressed += operand
    %load/vec4 v000001e221818950_0;
    %pushi/vec4 1, 0, 32;
    %add;
    %cast2;
    %store/vec4 v000001e221818950_0, 0, 32;
    %jmp T_3.16;
T_3.17 ;
    %end;
    .scope S_000001e22181b090;
t_6 %join;
    %vpi_func 7 128 "$urandom_range" 32, 32'sb00000000000000000000000000000000, 32'sb00000000000000000000000001100100 {0 0 0};
    %cmpi/u 80, 0, 32;
    %jmp/0xz  T_3.20, 5;
    %load/vec4 v000001e221818db0_0;
    %load/vec4 v000001e221819fd0_0;
    %part/u 1;
    %inv;
    %flag_set/vec4 8;
    %jmp/0xz  T_3.22, 8;
    %jmp T_3.23;
T_3.22 ;
    %vpi_call/w 7 130 "$error" {0 0 0};
T_3.23 ;
    %pushi/vec4 1, 0, 1;
    %ix/getv 4, v000001e221819fd0_0;
    %store/vec4 v000001e221818db0_0, 4, 1;
    %load/vec4 v000001e221819350_0;
    %cmpi/u 30, 0, 32;
    %jmp/0xz  T_3.24, 5;
    %load/vec4 v000001e221819350_0;
    %dup/vec4;
    %pushi/vec4 1, 0, 32;
    %add;
    %store/vec4 v000001e221819350_0, 0, 32;
    %pad/u 8;
    %load/vec4 v000001e221819fd0_0;
    %pad/u 7;
    %muli 8, 0, 7;
    %ix/vec4 4;
    %store/vec4 v000001e2218188b0_0, 4, 8;
    %jmp T_3.25;
T_3.24 ;
    %vpi_func 7 137 "$urandom" 32 {0 0 0};
    %pad/u 8;
    %load/vec4 v000001e221819fd0_0;
    %pad/u 7;
    %muli 8, 0, 7;
    %ix/vec4 4;
    %store/vec4 v000001e2218188b0_0, 4, 8;
T_3.25 ;
    %vpi_func 7 139 "$urandom_range" 32, 32'sb00000000000000000000000000000000, 32'b00000000000000000000000000001001 {0 0 0};
    %pad/u 4;
    %load/vec4 v000001e221819fd0_0;
    %pad/u 6;
    %muli 4, 0, 6;
    %ix/vec4 4;
    %store/vec4 v000001e221819df0_0, 4, 4;
    %ix/load 4, 0, 0;
    %load/vec4 v000001e2218188b0_0;
    %load/vec4 v000001e221819fd0_0;
    %pad/u 7;
    %muli 8, 0, 7;
    %part/u 8;
    %store/qb/v v000001e221819850_0, 4, 8;
    %load/vec4 v000001e221819fd0_0;
    %cmpi/e 9, 0, 4;
    %jmp/0xz  T_3.26, 4;
    %pushi/vec4 0, 0, 4;
    %store/vec4 v000001e221819fd0_0, 0, 4;
    %jmp T_3.27;
T_3.26 ;
    ; show_stmt_assign_vector: Get l-value for compressed += operand
    %load/vec4 v000001e221819fd0_0;
    %pushi/vec4 1, 0, 4;
    %add;
    %store/vec4 v000001e221819fd0_0, 0, 4;
T_3.27 ;
T_3.20 ;
    %pushi/vec4 0, 0, 10;
    %assign/vec4 v000001e221818a90_0, 0;
    %pushi/vec4 4294967295, 4294967295, 32;
    %concati/vec4 4294967295, 4294967295, 32;
    %concati/vec4 65535, 65535, 16;
    %assign/vec4 v000001e221818590_0, 0;
    %fork t_9, S_000001e22181aa50;
    %jmp t_8;
    .scope S_000001e22181aa50;
t_9 ;
    %pushi/vec4 0, 0, 32;
    %store/vec4 v000001e221819710_0, 0, 32;
T_3.28 ;
    %load/vec4 v000001e221819710_0;
    %cmpi/s 10, 0, 32;
    %jmp/0xz T_3.29, 5;
    %load/vec4 v000001e221818db0_0;
    %load/vec4 v000001e221819710_0;
    %part/s 1;
    %flag_set/vec4 9;
    %flag_get/vec4 9;
    %jmp/0 T_3.32, 9;
    %load/vec4 v000001e221819df0_0;
    %load/vec4 v000001e221819710_0;
    %pad/s 34;
    %muli 4, 0, 34;
    %part/s 4;
    %pad/u 32;
    %pushi/vec4 0, 0, 32;
    %cmp/e;
    %flag_get/vec4 4;
    %and;
T_3.32;
    %flag_set/vec4 8;
    %jmp/0xz  T_3.30, 8;
    %pushi/vec4 0, 0, 1;
    %ix/getv/s 4, v000001e221819710_0;
    %store/vec4 v000001e221818db0_0, 4, 1;
    %pushi/vec4 1, 0, 1;
    %ix/load 5, 0, 0;
    %ix/getv/s 4, v000001e221819710_0;
    %assign/vec4/off/d v000001e221818a90_0, 4, 5;
    %load/vec4 v000001e2218188b0_0;
    %load/vec4 v000001e221819710_0;
    %pad/s 35;
    %muli 8, 0, 35;
    %part/s 8;
    %ix/load 5, 0, 0;
    %load/vec4 v000001e221819710_0;
    %pad/s 35;
    %muli 8, 0, 35;
    %ix/vec4/s 4;
    %assign/vec4/off/d v000001e221818590_0, 4, 5;
T_3.30 ;
    ; show_stmt_assign_vector: Get l-value for compressed += operand
    %load/vec4 v000001e221819710_0;
    %pushi/vec4 1, 0, 32;
    %add;
    %cast2;
    %store/vec4 v000001e221819710_0, 0, 32;
    %jmp T_3.28;
T_3.29 ;
    %end;
    .scope S_000001e22181b090;
t_8 %join;
    %load/vec4 v000001e221818db0_0;
    %assign/vec4 v000001e221819cb0_0, 0;
    %load/vec4 v000001e2218188b0_0;
    %assign/vec4 v000001e221818f90_0, 0;
    %wait E_000001e221798e50;
    ; show_stmt_assign_vector: Get l-value for compressed += operand
    %load/vec4 v000001e2218195d0_0;
    %pushi/vec4 1, 0, 32;
    %add;
    %cast2;
    %store/vec4 v000001e2218195d0_0, 0, 32;
    %jmp T_3.13;
T_3.14 ;
    %end;
    .scope S_000001e22181a730;
t_4 %join;
    %pushi/vec4 0, 0, 10;
    %assign/vec4 v000001e221818a90_0, 0;
    %pushi/vec4 4294967295, 4294967295, 32;
    %concati/vec4 4294967295, 4294967295, 32;
    %concati/vec4 65535, 65535, 16;
    %assign/vec4 v000001e221818590_0, 0;
    %pushi/vec4 10, 0, 32;
T_3.33 %dup/vec4;
    %pushi/vec4 0, 0, 32;
    %cmp/s;
    %jmp/1xz T_3.34, 5;
    %jmp/1 T_3.34, 4;
    %pushi/vec4 1, 0, 32;
    %sub;
    %wait E_000001e221798e50;
    %jmp T_3.33;
T_3.34 ;
    %pop/vec4 1;
    %end;
S_000001e22181b090 .scope begin, "$ivl_for_loop2" "$ivl_for_loop2" 7 120, 7 120 0, S_000001e22181a730;
 .timescale 0 0;
v000001e2218195d0_0 .var/2s "rep", 31 0;
S_000001e22181a8c0 .scope begin, "$ivl_for_loop3" "$ivl_for_loop3" 7 122, 7 122 0, S_000001e22181b090;
 .timescale 0 0;
v000001e221818950_0 .var/2s "i", 31 0;
S_000001e22181aa50 .scope begin, "$ivl_for_loop4" "$ivl_for_loop4" 7 151, 7 151 0, S_000001e22181b090;
 .timescale 0 0;
v000001e221819710_0 .var/2s "i", 31 0;
    .scope S_000001e22173c040;
T_4 ;
    %pushi/vec4 0, 0, 16;
    %assign/vec4 v000001e221786020_0, 0;
    %pushi/vec4 0, 0, 2;
    %assign/vec4 v000001e221787880_0, 0;
    %pushi/vec4 1, 0, 1;
    %assign/vec4 v000001e221787380_0, 0;
    %wait E_000001e221799610;
T_4.0 ;
T_4.1 ;
    %load/vec4 v000001e2217865c0_0;
    %inv;
    %flag_set/vec4 8;
    %jmp/0xz T_4.2, 8;
    %wait E_000001e221798d50;
    %jmp T_4.1;
T_4.2 ;
    %pushi/vec4 0, 0, 1;
    %assign/vec4 v000001e221787380_0, 0;
    %load/vec4 v000001e2217877e0_0;
    %assign/vec4 v000001e221786020_0, 0;
    %load/vec4 v000001e2217879c0_0;
    %assign/vec4 v000001e221787880_0, 0;
    %load/vec4 v000001e221787880_0;
    %pad/u 32;
T_4.3 %dup/vec4;
    %pushi/vec4 0, 0, 32;
    %cmp/u;
    %jmp/1 T_4.4, 4;
    %pushi/vec4 1, 0, 32;
    %sub;
    %wait E_000001e221798d50;
    %jmp T_4.3;
T_4.4 ;
    %pop/vec4 1;
    %pushi/vec4 1, 0, 1;
    %assign/vec4 v000001e221787380_0, 0;
    %wait E_000001e221798d50;
    %event E_000001e221799210;
    %jmp T_4.0;
    %end;
    .thread T_4;
    .scope S_000001e22173c040;
T_5 ;
    %pushi/vec4 0, 0, 1;
    %assign/vec4 v000001e221786160_0, 0;
    %pushi/vec4 0, 0, 16;
    %assign/vec4 v000001e2217860c0_0, 0;
    %wait E_000001e221798a50;
T_5.0 ;
    %wait E_000001e221799210;
    %pushi/vec4 1, 0, 1;
    %assign/vec4 v000001e221786160_0, 0;
    %load/vec4 v000001e221786020_0;
    %assign/vec4 v000001e2217860c0_0, 0;
    %wait E_000001e221798d50;
    %pushi/vec4 0, 0, 1;
    %assign/vec4 v000001e221786160_0, 0;
    %jmp T_5.0;
    %end;
    .thread T_5;
    .scope S_000001e22173c040;
T_6 ;
T_6.0 ;
    %wait E_000001e221798d50;
    %load/vec4 v000001e2217865c0_0;
    %flag_set/vec4 9;
    %flag_get/vec4 9;
    %jmp/0 T_6.3, 9;
    %load/vec4 v000001e221787380_0;
    %nor/r;
    %and;
T_6.3;
    %flag_set/vec4 8;
    %jmp/0xz  T_6.1, 8;
    %vpi_call/w 6 79 "$warning", "Repeated vld_in when block in process. Current vld_in will be ignored. Time: ", $realtime {0 0 0};
T_6.1 ;
    %jmp T_6.0;
    %end;
    .thread T_6;
    .scope S_000001e221736a60;
T_7 ;
    %pushi/vec4 0, 0, 16;
    %assign/vec4 v000001e221786480_0, 0;
    %pushi/vec4 0, 0, 2;
    %assign/vec4 v000001e221786520_0, 0;
    %pushi/vec4 1, 0, 1;
    %assign/vec4 v000001e221786b60_0, 0;
    %wait E_000001e221799690;
T_7.0 ;
T_7.1 ;
    %load/vec4 v000001e2217867a0_0;
    %inv;
    %flag_set/vec4 8;
    %jmp/0xz T_7.2, 8;
    %wait E_000001e221798d50;
    %jmp T_7.1;
T_7.2 ;
    %pushi/vec4 0, 0, 1;
    %assign/vec4 v000001e221786b60_0, 0;
    %load/vec4 v000001e2217863e0_0;
    %assign/vec4 v000001e221786480_0, 0;
    %load/vec4 v000001e221786660_0;
    %assign/vec4 v000001e221786520_0, 0;
    %load/vec4 v000001e221786520_0;
    %pad/u 32;
T_7.3 %dup/vec4;
    %pushi/vec4 0, 0, 32;
    %cmp/u;
    %jmp/1 T_7.4, 4;
    %pushi/vec4 1, 0, 32;
    %sub;
    %wait E_000001e221798d50;
    %jmp T_7.3;
T_7.4 ;
    %pop/vec4 1;
    %pushi/vec4 1, 0, 1;
    %assign/vec4 v000001e221786b60_0, 0;
    %wait E_000001e221798d50;
    %event E_000001e221798cd0;
    %jmp T_7.0;
    %end;
    .thread T_7;
    .scope S_000001e221736a60;
T_8 ;
    %pushi/vec4 0, 0, 1;
    %assign/vec4 v000001e221786840_0, 0;
    %pushi/vec4 0, 0, 16;
    %assign/vec4 v000001e221787420_0, 0;
    %wait E_000001e221798b90;
T_8.0 ;
    %wait E_000001e221798cd0;
    %pushi/vec4 1, 0, 1;
    %assign/vec4 v000001e221786840_0, 0;
    %load/vec4 v000001e221786480_0;
    %assign/vec4 v000001e221787420_0, 0;
    %wait E_000001e221798d50;
    %pushi/vec4 0, 0, 1;
    %assign/vec4 v000001e221786840_0, 0;
    %jmp T_8.0;
    %end;
    .thread T_8;
    .scope S_000001e221736a60;
T_9 ;
T_9.0 ;
    %wait E_000001e221798d50;
    %load/vec4 v000001e2217867a0_0;
    %flag_set/vec4 9;
    %flag_get/vec4 9;
    %jmp/0 T_9.3, 9;
    %load/vec4 v000001e221786b60_0;
    %nor/r;
    %and;
T_9.3;
    %flag_set/vec4 8;
    %jmp/0xz  T_9.1, 8;
    %vpi_call/w 6 79 "$warning", "Repeated vld_in when block in process. Current vld_in will be ignored. Time: ", $realtime {0 0 0};
T_9.1 ;
    %jmp T_9.0;
    %end;
    .thread T_9;
    .scope S_000001e221702f00;
T_10 ;
    %pushi/vec4 0, 0, 16;
    %assign/vec4 v000001e221786d40_0, 0;
    %pushi/vec4 0, 0, 2;
    %assign/vec4 v000001e221787100_0, 0;
    %pushi/vec4 1, 0, 1;
    %assign/vec4 v000001e2217874c0_0, 0;
    %wait E_000001e221799310;
T_10.0 ;
T_10.1 ;
    %load/vec4 v000001e22177e880_0;
    %inv;
    %flag_set/vec4 8;
    %jmp/0xz T_10.2, 8;
    %wait E_000001e221798d50;
    %jmp T_10.1;
T_10.2 ;
    %pushi/vec4 0, 0, 1;
    %assign/vec4 v000001e2217874c0_0, 0;
    %load/vec4 v000001e221787560_0;
    %assign/vec4 v000001e221786d40_0, 0;
    %load/vec4 v000001e2217871a0_0;
    %assign/vec4 v000001e221787100_0, 0;
    %load/vec4 v000001e221787100_0;
    %pad/u 32;
T_10.3 %dup/vec4;
    %pushi/vec4 0, 0, 32;
    %cmp/u;
    %jmp/1 T_10.4, 4;
    %pushi/vec4 1, 0, 32;
    %sub;
    %wait E_000001e221798d50;
    %jmp T_10.3;
T_10.4 ;
    %pop/vec4 1;
    %pushi/vec4 1, 0, 1;
    %assign/vec4 v000001e2217874c0_0, 0;
    %wait E_000001e221798d50;
    %event E_000001e221798c10;
    %jmp T_10.0;
    %end;
    .thread T_10;
    .scope S_000001e221702f00;
T_11 ;
    %pushi/vec4 0, 0, 1;
    %assign/vec4 v000001e22177e9c0_0, 0;
    %pushi/vec4 0, 0, 16;
    %assign/vec4 v000001e221787060_0, 0;
    %wait E_000001e221799410;
T_11.0 ;
    %wait E_000001e221798c10;
    %pushi/vec4 1, 0, 1;
    %assign/vec4 v000001e22177e9c0_0, 0;
    %load/vec4 v000001e221786d40_0;
    %assign/vec4 v000001e221787060_0, 0;
    %wait E_000001e221798d50;
    %pushi/vec4 0, 0, 1;
    %assign/vec4 v000001e22177e9c0_0, 0;
    %jmp T_11.0;
    %end;
    .thread T_11;
    .scope S_000001e221702f00;
T_12 ;
T_12.0 ;
    %wait E_000001e221798d50;
    %load/vec4 v000001e22177e880_0;
    %flag_set/vec4 9;
    %flag_get/vec4 9;
    %jmp/0 T_12.3, 9;
    %load/vec4 v000001e2217874c0_0;
    %nor/r;
    %and;
T_12.3;
    %flag_set/vec4 8;
    %jmp/0xz  T_12.1, 8;
    %vpi_call/w 6 79 "$warning", "Repeated vld_in when block in process. Current vld_in will be ignored. Time: ", $realtime {0 0 0};
T_12.1 ;
    %jmp T_12.0;
    %end;
    .thread T_12;
    .scope S_000001e221818220;
T_13 ;
    %pushi/vec4 0, 0, 16;
    %assign/vec4 v000001e22177e380_0, 0;
    %pushi/vec4 0, 0, 2;
    %assign/vec4 v000001e22177ee20_0, 0;
    %pushi/vec4 1, 0, 1;
    %assign/vec4 v000001e22177e560_0, 0;
    %wait E_000001e221798e10;
T_13.0 ;
T_13.1 ;
    %load/vec4 v000001e22177ece0_0;
    %inv;
    %flag_set/vec4 8;
    %jmp/0xz T_13.2, 8;
    %wait E_000001e221798d50;
    %jmp T_13.1;
T_13.2 ;
    %pushi/vec4 0, 0, 1;
    %assign/vec4 v000001e22177e560_0, 0;
    %load/vec4 v000001e22177e420_0;
    %assign/vec4 v000001e22177e380_0, 0;
    %load/vec4 v000001e22177eb00_0;
    %assign/vec4 v000001e22177ee20_0, 0;
    %load/vec4 v000001e22177ee20_0;
    %pad/u 32;
T_13.3 %dup/vec4;
    %pushi/vec4 0, 0, 32;
    %cmp/u;
    %jmp/1 T_13.4, 4;
    %pushi/vec4 1, 0, 32;
    %sub;
    %wait E_000001e221798d50;
    %jmp T_13.3;
T_13.4 ;
    %pop/vec4 1;
    %pushi/vec4 1, 0, 1;
    %assign/vec4 v000001e22177e560_0, 0;
    %wait E_000001e221798d50;
    %event E_000001e221798dd0;
    %jmp T_13.0;
    %end;
    .thread T_13;
    .scope S_000001e221818220;
T_14 ;
    %pushi/vec4 0, 0, 1;
    %assign/vec4 v000001e22177ed80_0, 0;
    %pushi/vec4 0, 0, 16;
    %assign/vec4 v000001e22177e4c0_0, 0;
    %wait E_000001e221798d90;
T_14.0 ;
    %wait E_000001e221798dd0;
    %pushi/vec4 1, 0, 1;
    %assign/vec4 v000001e22177ed80_0, 0;
    %load/vec4 v000001e22177e380_0;
    %assign/vec4 v000001e22177e4c0_0, 0;
    %wait E_000001e221798d50;
    %pushi/vec4 0, 0, 1;
    %assign/vec4 v000001e22177ed80_0, 0;
    %jmp T_14.0;
    %end;
    .thread T_14;
    .scope S_000001e221818220;
T_15 ;
T_15.0 ;
    %wait E_000001e221798d50;
    %load/vec4 v000001e22177ece0_0;
    %flag_set/vec4 9;
    %flag_get/vec4 9;
    %jmp/0 T_15.3, 9;
    %load/vec4 v000001e22177e560_0;
    %nor/r;
    %and;
T_15.3;
    %flag_set/vec4 8;
    %jmp/0xz  T_15.1, 8;
    %vpi_call/w 6 79 "$warning", "Repeated vld_in when block in process. Current vld_in will be ignored. Time: ", $realtime {0 0 0};
T_15.1 ;
    %jmp T_15.0;
    %end;
    .thread T_15;
    .scope S_000001e221733a50;
T_16 ;
    %pushi/vec4 1, 0, 1;
    %store/vec4 v000001e221818630_0, 0, 1;
T_16.0 ;
    %delay 5, 0;
    %load/vec4 v000001e221818630_0;
    %inv;
    %store/vec4 v000001e221818630_0, 0, 1;
    %jmp T_16.0;
    %end;
    .thread T_16;
    .scope S_000001e221733a50;
T_17 ;
    %pushi/vec4 0, 0, 2;
    %assign/vec4 v000001e2218192b0_0, 0;
T_17.0 ;
    %load/vec4 v000001e2218197b0_0;
    %cmpi/ne 1, 0, 1;
    %jmp/0xz T_17.1, 6;
    %wait E_000001e221798a10;
    %jmp T_17.0;
T_17.1 ;
    %wait E_000001e221798d50;
T_17.2 ;
    %load/vec4 v000001e2218192b0_0;
    %addi 1, 0, 2;
    %assign/vec4 v000001e2218192b0_0, 0;
    %load/vec4 v000001e2218192b0_0;
    %cmpi/u 3, 0, 2;
    %flag_inv 5; GE is !LT
    %jmp/0xz  T_17.3, 5;
    %pushi/vec4 0, 0, 2;
    %assign/vec4 v000001e2218192b0_0, 0;
T_17.3 ;
    %wait E_000001e221798d50;
    %jmp T_17.2;
    %end;
    .thread T_17;
    .scope S_000001e221733a50;
T_18 ;
Ewait_0 .event/or E_000001e221798ad0, E_0x0;
    %wait Ewait_0;
    %pushi/vec4 0, 0, 4;
    %store/vec4 v000001e221819a30_0, 0, 4;
    %load/vec4 v000001e2218197b0_0;
    %flag_set/vec4 8;
    %jmp/0xz  T_18.0, 8;
    %pushi/vec4 0, 0, 4;
    %store/vec4 v000001e221819a30_0, 0, 4;
    %pushi/vec4 1, 0, 1;
    %ix/getv 4, v000001e2218192b0_0;
    %store/vec4 v000001e221819a30_0, 4, 1;
T_18.0 ;
    %jmp T_18;
    .thread T_18, $push;
    .scope S_000001e221733a50;
T_19 ;
    %wait E_000001e221798d50;
    %load/vec4 v000001e22181a110_0;
    %flag_set/vec4 8;
    %jmp/0xz  T_19.0, 8;
    %pushi/vec4 0, 0, 16;
    %assign/vec4 v000001e221819170_0, 0;
    %jmp T_19.1;
T_19.0 ;
    %load/vec4 v000001e2218197b0_0;
    %flag_set/vec4 8;
    %jmp/0xz  T_19.2, 8;
    %load/vec4 v000001e221819170_0;
    %addi 1, 0, 16;
    %assign/vec4 v000001e221819170_0, 0;
T_19.2 ;
T_19.1 ;
    %jmp T_19;
    .thread T_19;
    .scope S_000001e221733a50;
T_20 ;
    %pushi/vec4 0, 0, 15;
    %store/vec4 v000001e221818770_0, 0, 15;
T_20.0 ;
    %load/vec4 v000001e2218197b0_0;
    %cmpi/ne 1, 0, 1;
    %jmp/0xz T_20.1, 6;
    %wait E_000001e221798a10;
    %jmp T_20.0;
T_20.1 ;
    %wait E_000001e221798d50;
T_20.2 ;
    %pushi/vec4 4, 0, 32;
T_20.3 %dup/vec4;
    %pushi/vec4 0, 0, 32;
    %cmp/s;
    %jmp/1xz T_20.4, 5;
    %jmp/1 T_20.4, 4;
    %pushi/vec4 1, 0, 32;
    %sub;
    %wait E_000001e221798d50;
    %jmp T_20.3;
T_20.4 ;
    %pop/vec4 1;
    %load/vec4 v000001e221818770_0;
    %parti/s 3, 0, 2;
    %addi 1, 0, 3;
    %ix/load 4, 0, 0;
    %flag_set/imm 4, 0;
    %store/vec4 v000001e221818770_0, 4, 3;
    %fork t_11, S_000001e2217576f0;
    %jmp t_10;
    .scope S_000001e2217576f0;
t_11 ;
    %pushi/vec4 0, 0, 32;
    %store/vec4 v000001e221786a20_0, 0, 32;
T_20.5 ;
    %load/vec4 v000001e221786a20_0;
    %cmpi/s 4, 0, 32;
    %jmp/0xz T_20.6, 5;
    %load/vec4 v000001e221818770_0;
    %load/vec4 v000001e221786a20_0;
    %pad/s 34;
    %muli 3, 0, 34;
    %part/s 3;
    %pad/u 32;
    %cmpi/u 4, 0, 32;
    %flag_inv 5; GE is !LT
    %jmp/0xz  T_20.7, 5;
    %pushi/vec4 0, 0, 3;
    %load/vec4 v000001e221786a20_0;
    %pad/s 34;
    %muli 3, 0, 34;
    %ix/vec4/s 4;
    %store/vec4 v000001e221818770_0, 4, 3;
    %load/vec4 v000001e221818770_0;
    %load/vec4 v000001e221786a20_0;
    %addi 1, 0, 32;
    %pad/s 34;
    %muli 3, 0, 34;
    %part/s 3;
    %addi 1, 0, 3;
    %load/vec4 v000001e221786a20_0;
    %addi 1, 0, 32;
    %pad/s 34;
    %muli 3, 0, 34;
    %ix/vec4/s 4;
    %store/vec4 v000001e221818770_0, 4, 3;
T_20.7 ;
    %load/vec4 v000001e221786a20_0;
    %addi 1, 0, 32;
    %cast2;
    %store/vec4 v000001e221786a20_0, 0, 32;
    %jmp T_20.5;
T_20.6 ;
    %end;
    .scope S_000001e221733a50;
t_10 %join;
    %load/vec4 v000001e221818770_0;
    %parti/s 3, 12, 5;
    %cmpi/u 0, 0, 3;
    %flag_or 5, 4; GT is !LE
    %flag_inv 5;
    %jmp/0xz  T_20.9, 5;
    %event E_000001e2217992d0;
T_20.9 ;
    %jmp T_20.2;
    %end;
    .thread T_20;
    .scope S_000001e221733a50;
T_21 ;
    %vpi_call/w 4 151 "$dumpvars" {0 0 0};
    %pushi/vec4 0, 0, 1;
    %assign/vec4 v000001e2218197b0_0, 0;
    %fork TD_testbench.tb_1.reset, S_000001e2218183b0;
    %join;
    %pushi/vec4 1, 0, 1;
    %assign/vec4 v000001e2218197b0_0, 0;
    %wait E_000001e2217992d0;
    %pushi/vec4 0, 0, 1;
    %assign/vec4 v000001e2218197b0_0, 0;
    %pushi/vec4 5, 0, 32;
T_21.0 %dup/vec4;
    %pushi/vec4 0, 0, 32;
    %cmp/s;
    %jmp/1xz T_21.1, 5;
    %jmp/1 T_21.1, 4;
    %pushi/vec4 1, 0, 32;
    %sub;
    %wait E_000001e221798d50;
    %jmp T_21.0;
T_21.1 ;
    %pop/vec4 1;
    %event E_000001e221798b10;
    %wait E_000001e221798d50;
    %vpi_call/w 4 170 "$finish" {0 0 0};
    %end;
    .thread T_21;
    .scope S_000001e221733a50;
T_22 ;
T_22.0 ;
    %wait E_000001e221798d50;
    %load/vec4 v000001e2218197b0_0;
    %flag_set/vec4 8;
    %jmp/0xz  T_22.1, 8;
    %ix/load 4, 0, 0;
    %load/vec4 v000001e221819170_0;
    %store/qb/v v000001e221819f30_0, 4, 16;
T_22.1 ;
    %jmp T_22.0;
    %end;
    .thread T_22;
    .scope S_000001e221733a50;
T_23 ;
T_23.0 ;
    %wait E_000001e221798d50;
    %load/vec4 v000001e221819030_0;
    %flag_set/vec4 8;
    %jmp/0xz  T_23.1, 8;
    %ix/load 4, 0, 0;
    %load/vec4 v000001e22181a390_0;
    %store/qb/v v000001e221818ef0_0, 4, 16;
T_23.1 ;
    %jmp T_23.0;
    %end;
    .thread T_23;
    .scope S_000001e221733a50;
T_24 ;
    %wait E_000001e221798b10;
    %pushi/vec4 0, 0, 1;
    %store/vec4 v000001e221819d50_0, 0, 1;
    %vpi_func 4 213 "$size" 32, v000001e221819f30_0 {0 0 0};
    %vpi_call/w 4 213 "$info", "Qeueue size: %d", S<0,vec4,s32> {1 0 0};
    %fork t_13, S_000001e2217eed40;
    %jmp t_12;
    .scope S_000001e2217eed40;
t_13 ;
    %pushi/vec4 0, 0, 32;
    %store/vec4 v000001e221787d80_0, 0, 32;
T_24.0 ;
    %load/vec4 v000001e221787d80_0;
    %vpi_func 4 215 "$size" 32, v000001e221819f30_0 {0 0 0};
    %cmp/s;
    %jmp/0xz T_24.1, 5;
    %qpop/f/v v000001e221819f30_0, 16;
    %store/vec4 v000001e221818810_0, 0, 16;
    %qpop/f/v v000001e221818ef0_0, 16;
    %store/vec4 v000001e221819990_0, 0, 16;
    %load/vec4 v000001e221818810_0;
    %load/vec4 v000001e221819990_0;
    %cmp/ne;
    %jmp/0xz  T_24.2, 6;
    %vpi_call/w 4 220 "$warning", "Test failed. Expected output %d, but get %d", v000001e221818810_0, v000001e221819990_0 {0 0 0};
    %pushi/vec4 1, 0, 1;
    %store/vec4 v000001e221819d50_0, 0, 1;
T_24.2 ;
    %load/vec4 v000001e221787d80_0;
    %addi 1, 0, 32;
    %cast2;
    %store/vec4 v000001e221787d80_0, 0, 32;
    %jmp T_24.0;
T_24.1 ;
    %end;
    .scope S_000001e221733a50;
t_12 %join;
    %load/vec4 v000001e221819d50_0;
    %flag_set/vec4 8;
    %jmp/0xz  T_24.4, 8;
    %vpi_call/w 4 226 "$display", "FAIL %s - see above", "04_13_put_in_order/testbench_1.sv" {0 0 0};
    %jmp T_24.5;
T_24.4 ;
    %vpi_call/w 4 228 "$display", "PASS %s", "04_13_put_in_order/testbench_1.sv" {0 0 0};
T_24.5 ;
    %end;
    .thread T_24;
    .scope S_000001e22181a550;
T_25 ;
    %pushi/vec4 0, 0, 1;
    %store/vec4 v000001e221818b30_0, 0, 1;
    %pushi/vec4 0, 0, 32;
    %store/vec4 v000001e221819350_0, 0, 32;
    %pushi/vec4 0, 0, 32;
    %store/vec4 v000001e2218193f0_0, 0, 32;
    %end;
    .thread T_25, $init;
    .scope S_000001e22181a550;
T_26 ;
    %pushi/vec4 0, 0, 1;
    %store/vec4 v000001e22181a070_0, 0, 1;
T_26.0 ;
    %delay 500, 0;
    %load/vec4 v000001e22181a070_0;
    %inv;
    %store/vec4 v000001e22181a070_0, 0, 1;
    %jmp T_26.0;
    %end;
    .thread T_26;
    .scope S_000001e22181a550;
T_27 ;
    %pushi/vec4 1, 1, 1;
    %assign/vec4 v000001e2218189f0_0, 0;
    %pushi/vec4 2, 0, 32;
T_27.0 %dup/vec4;
    %pushi/vec4 0, 0, 32;
    %cmp/s;
    %jmp/1xz T_27.1, 5;
    %jmp/1 T_27.1, 4;
    %pushi/vec4 1, 0, 32;
    %sub;
    %wait E_000001e221798e50;
    %jmp T_27.0;
T_27.1 ;
    %pop/vec4 1;
    %pushi/vec4 1, 0, 1;
    %assign/vec4 v000001e2218189f0_0, 0;
    %pushi/vec4 2, 0, 32;
T_27.2 %dup/vec4;
    %pushi/vec4 0, 0, 32;
    %cmp/s;
    %jmp/1xz T_27.3, 5;
    %jmp/1 T_27.3, 4;
    %pushi/vec4 1, 0, 32;
    %sub;
    %wait E_000001e221798e50;
    %jmp T_27.2;
T_27.3 ;
    %pop/vec4 1;
    %pushi/vec4 0, 0, 1;
    %assign/vec4 v000001e2218189f0_0, 0;
    %end;
    .thread T_27;
    .scope S_000001e22181a550;
T_28 ;
    %wait E_000001e221798e50;
    %load/vec4 v000001e2218189f0_0;
    %flag_set/vec4 8;
    %jmp/0xz  T_28.0, 8;
    %pushi/vec4 1, 0, 1;
    %assign/vec4 v000001e221818b30_0, 0;
T_28.0 ;
    %jmp T_28;
    .thread T_28;
    .scope S_000001e22181a550;
T_29 ;
    %wait E_000001e221798e50;
    %load/vec4 v000001e221818b30_0;
    %flag_set/vec4 8;
    %jmp/0xz  T_29.0, 8;
    %vpi_call/w 7 186 "$write", "%3d  pending  ", v000001e2218193f0_0 {0 0 0};
    %fork t_15, S_000001e22181b220;
    %jmp t_14;
    .scope S_000001e22181b220;
t_15 ;
    %pushi/vec4 0, 0, 32;
    %store/vec4 v000001e22181a430_0, 0, 32;
T_29.2 ;
    %load/vec4 v000001e22181a430_0;
    %cmpi/s 10, 0, 32;
    %jmp/0xz T_29.3, 5;
    %load/vec4 v000001e221819cb0_0;
    %load/vec4 v000001e22181a430_0;
    %part/s 1;
    %flag_set/vec4 8;
    %jmp/0xz  T_29.4, 8;
    %load/vec4 v000001e221818f90_0;
    %load/vec4 v000001e22181a430_0;
    %pad/s 35;
    %muli 8, 0, 35;
    %part/s 8;
    %vpi_call/w 7 190 "$write", " %h", S<0,vec4,u8> {1 0 0};
    %jmp T_29.5;
T_29.4 ;
    %vpi_call/w 7 192 "$write", "   " {0 0 0};
T_29.5 ;
    ; show_stmt_assign_vector: Get l-value for compressed += operand
    %load/vec4 v000001e22181a430_0;
    %pushi/vec4 1, 0, 32;
    %add;
    %cast2;
    %store/vec4 v000001e22181a430_0, 0, 32;
    %jmp T_29.2;
T_29.3 ;
    %end;
    .scope S_000001e22181a550;
t_14 %join;
    %vpi_call/w 7 194 "$display" {0 0 0};
    %vpi_call/w 7 196 "$write", "%3d  up       ", v000001e2218193f0_0 {0 0 0};
    %fork t_17, S_000001e22181b540;
    %jmp t_16;
    .scope S_000001e22181b540;
t_17 ;
    %pushi/vec4 0, 0, 32;
    %store/vec4 v000001e221819ad0_0, 0, 32;
T_29.6 ;
    %load/vec4 v000001e221819ad0_0;
    %cmpi/s 10, 0, 32;
    %jmp/0xz T_29.7, 5;
    %load/vec4 v000001e221818a90_0;
    %load/vec4 v000001e221819ad0_0;
    %part/s 1;
    %flag_set/vec4 8;
    %jmp/0xz  T_29.8, 8;
    %load/vec4 v000001e221818590_0;
    %load/vec4 v000001e221819ad0_0;
    %pad/s 35;
    %muli 8, 0, 35;
    %part/s 8;
    %vpi_call/w 7 200 "$write", " %h", S<0,vec4,u8> {1 0 0};
    %jmp T_29.9;
T_29.8 ;
    %vpi_call/w 7 202 "$write", "   " {0 0 0};
T_29.9 ;
    ; show_stmt_assign_vector: Get l-value for compressed += operand
    %load/vec4 v000001e221819ad0_0;
    %pushi/vec4 1, 0, 32;
    %add;
    %cast2;
    %store/vec4 v000001e221819ad0_0, 0, 32;
    %jmp T_29.6;
T_29.7 ;
    %end;
    .scope S_000001e22181a550;
t_16 %join;
    %vpi_call/w 7 204 "$display" {0 0 0};
    %vpi_call/w 7 206 "$write", "%3d  down     ", v000001e2218193f0_0 {0 0 0};
    %load/vec4 v000001e22181a250_0;
    %flag_set/vec4 8;
    %jmp/0xz  T_29.10, 8;
    %vpi_call/w 7 209 "$write", " %h", v000001e221819e90_0 {0 0 0};
T_29.10 ;
    %vpi_call/w 7 211 "$display", "\012" {0 0 0};
T_29.0 ;
    ; show_stmt_assign_vector: Get l-value for compressed += operand
    %load/vec4 v000001e2218193f0_0;
    %pushi/vec4 1, 0, 32;
    %add;
    %cast2;
    %store/vec4 v000001e2218193f0_0, 0, 32;
    %jmp T_29;
    .thread T_29;
    .scope S_000001e2217347b0;
T_30 ;
    %pushi/vec4 0, 0, 1;
    %force/vec4 v000001e221818630_0;
    %fork TD_testbench.tb_2.run, S_000001e22181ad70;
    %join;
    %release/reg v000001e221818630_0, 0, 1;
    %end;
    .thread T_30;
# The file index is used to find the file name in the following table.
:file_names 8;
    "N/A";
    "<interactive>";
    "-";
    "04_13_put_in_order/testbench.sv";
    "04_13_put_in_order/testbench_1.sv";
    "04_13_put_in_order/04_13_put_in_order.sv";
    "04_13_put_in_order/delay_data_model.sv";
    "04_13_put_in_order/testbench_2.sv";
